app/build/intermediates/manifest_merge_blame_file/debug/manifest-merger-blame-debug-report.txt
1<?xml version="1.0" encoding="utf-8"?>
2<manifest xmlns:android="http://schemas.android.com/apk/res/android"
3    package="com.example.nystreetfood"
4    android:installLocation="preferExternal"
5    android:versionCode="1"
6    android:versionName="1.0" >
7
8    <uses-sdk
9        android:minSdkVersion="23"
9-->src/main/AndroidManifest.xml
10        android:targetSdkVersion="29" />
10-->src/main/AndroidManifest.xml
11
12    <application
12-->src/main/AndroidManifest.xml:8:5-25:19
13        android:allowBackup="true"
13-->src/main/AndroidManifest.xml:10:9-35
14        android:appComponentFactory="androidx.core.app.CoreComponentFactory"
14-->[androidx.core:core:1.1.0] AndroidManifest.xml:24:18-86
15        android:debuggable="true"
16        android:icon="@mipmap/ic_launcher"
16-->src/main/AndroidManifest.xml:11:9-43
17        android:label="@string/app_name"
17-->src/main/AndroidManifest.xml:12:9-41
18        android:roundIcon="@mipmap/ic_launcher_round"
18-->src/main/AndroidManifest.xml:13:9-54
19        android:supportsRtl="true"
19-->src/main/AndroidManifest.xml:14:9-35
20        android:testOnly="true"
21        android:theme="@style/Theme.Design.NoActionBar" >
21-->src/main/AndroidManifest.xml:15:9-56
22        <activity android:name="com.example.nystreetfood.MainActivity" >
22-->src/main/AndroidManifest.xml:17:9-23:20
22-->src/main/AndroidManifest.xml:17:19-47
23            <intent-filter>
23-->src/main/AndroidManifest.xml:18:13-22:29
24                <action android:name="android.intent.action.MAIN" />
24-->src/main/AndroidManifest.xml:19:17-69
24-->src/main/AndroidManifest.xml:19:25-66
25
26                <category android:name="android.intent.category.LAUNCHER" />
26-->src/main/AndroidManifest.xml:21:17-77
26-->src/main/AndroidManifest.xml:21:27-74
27            </intent-filter>
28        </activity>
29    </application>
30
31</manifest>